 1 
 4 
 0 
 0 
 0 
 0 
 100 
-3.866667 
