 1 
 2 
 0 
 0 
 0 
 0 
 798 
 2.758333 
