 2 
 2 
 0 
 0 
 1 
 0 
 819 
 3.9 
