 1 
 2 
 0 
 0 
 0 
 0 
 657 
 2.8 
