 1 
 2 
 1 
 0 
 0 
 0 
 718 
 3.808333 
