 1 
 2 
 1 
 0 
 0 
 0 
 201 
 2.275 
