 2 
 2 
 0 
 0 
 1 
 0 
 872 
 2.825 
