 1 
 2 
 1 
 0 
 0 
 0 
 857 
 2.775 
