 1 
 2 
 1 
 0 
 0 
 0 
 1193 
 2.480556 
