 1 
 2 
 1 
 0 
 0 
 0 
 796 
 1.183333 
