 1 
 2 
 0 
 0 
 0 
 0 
 1727 
 1.063889 
