 1 
 2 
 0 
 0 
 0 
 0 
 909 
 .8125 
